<?xml version="1.0" encoding="UTF-8"?>
<testng-results skipped="0" failed="0" ignored="0" total="1" passed="1">
  <reporter-output>
  </reporter-output>
  <suite name="Default suite" duration-ms="32499" started-at="2020-04-13T07:39:35 IST" finished-at="2020-04-13T07:40:07 IST">
    <groups>
    </groups>
    <test name="Default test" duration-ms="32499" started-at="2020-04-13T07:39:35 IST" finished-at="2020-04-13T07:40:07 IST">
      <class name="runner.RemoveitemsRunner">
        <test-method status="PASS" signature="setUP()[pri:0, instance:runner.RemoveitemsRunner@480bdb19]" name="setUP" is-config="true" duration-ms="261" started-at="2020-04-13T07:39:35 IST" finished-at="2020-04-13T07:39:35 IST">
          <reporter-output>
          </reporter-output>
        </test-method> <!-- setUP -->
        <test-method status="PASS" signature="login(cucumber.api.testng.CucumberFeatureWrapper)[pri:0, instance:runner.RemoveitemsRunner@480bdb19]" name="login" duration-ms="32103" started-at="2020-04-13T07:39:35 IST" description="removeitem" data-provider="features" finished-at="2020-04-13T07:40:07 IST">
          <params>
            <param index="0">
              <value>
                <![CDATA[To remove items from cart]]>
              </value>
            </param>
          </params>
          <reporter-output>
          </reporter-output>
        </test-method> <!-- login -->
        <test-method status="PASS" signature="tearDown()[pri:0, instance:runner.RemoveitemsRunner@480bdb19]" name="tearDown" is-config="true" duration-ms="9" started-at="2020-04-13T07:40:07 IST" finished-at="2020-04-13T07:40:07 IST">
          <reporter-output>
          </reporter-output>
        </test-method> <!-- tearDown -->
      </class> <!-- runner.RemoveitemsRunner -->
    </test> <!-- Default test -->
  </suite> <!-- Default suite -->
</testng-results>
